<?xml version="1.0" encoding="UTF-8" ?>
<testsuite failures="0" time="0.034" errors="0" skipped="0" tests="1" name="universite.toulouse.moodlexmlapi.fsil.impl.AppTest">
  <properties>
    <property name="java.runtime.name" value="Java(TM) SE Runtime Environment"/>
    <property name="sun.boot.library.path" value="/usr/java/jdk1.6.0_30/jre/lib/i386"/>
    <property name="java.vm.version" value="20.5-b03"/>
    <property name="java.vm.vendor" value="Sun Microsystems Inc."/>
    <property name="java.vendor.url" value="http://java.sun.com/"/>
    <property name="path.separator" value=":"/>
    <property name="java.vm.name" value="Java HotSpot(TM) Server VM"/>
    <property name="file.encoding.pkg" value="sun.io"/>
    <property name="user.country" value="FR"/>
    <property name="sun.java.launcher" value="SUN_STANDARD"/>
    <property name="sun.os.patch.level" value="unknown"/>
    <property name="java.vm.specification.name" value="Java Virtual Machine Specification"/>
    <property name="user.dir" value="/home/etu1/ivvq/XMLAPI/MoodleXmlApi/MoodleXmlApiImpl"/>
    <property name="java.runtime.version" value="1.6.0_30-b12"/>
    <property name="java.awt.graphicsenv" value="sun.awt.X11GraphicsEnvironment"/>
    <property name="basedir" value="/home/etu1/ivvq/XMLAPI/MoodleXmlApi/MoodleXmlApiImpl"/>
    <property name="java.endorsed.dirs" value="/usr/java/jdk1.6.0_30/jre/lib/endorsed"/>
    <property name="os.arch" value="i386"/>
    <property name="surefire.real.class.path" value="/home/etu1/ivvq/XMLAPI/MoodleXmlApi/MoodleXmlApiImpl/target/surefire/surefirebooter7356543253638334205.jar"/>
    <property name="java.io.tmpdir" value="/tmp"/>
    <property name="line.separator" value="
"/>
    <property name="java.vm.specification.vendor" value="Sun Microsystems Inc."/>
    <property name="os.name" value="Linux"/>
    <property name="sun.jnu.encoding" value="UTF-8"/>
    <property name="java.library.path" value="/usr/java/jdk1.6.0_30/jre/lib/i386/server:/usr/java/jdk1.6.0_30/jre/lib/i386:/usr/java/jdk1.6.0_30/jre/../lib/i386:/usr/java/packages/lib/i386:/lib:/usr/lib"/>
    <property name="surefire.test.class.path" value="/home/etu1/ivvq/XMLAPI/MoodleXmlApi/MoodleXmlApiImpl/target/test-classes:/home/etu1/ivvq/XMLAPI/MoodleXmlApi/MoodleXmlApiImpl/target/classes:/home/etu1/.m2/repository/junit/junit/4.10/junit-4.10.jar:/home/etu1/.m2/repository/org/hamcrest/hamcrest-core/1.1/hamcrest-core-1.1.jar:/home/etu1/.m2/repository/universite/toulouse/moodlexmlapi/MoodleXmlApiCore/1.0-SNAPSHOT/MoodleXmlApiCore-1.0-SNAPSHOT.jar:"/>
    <property name="java.specification.name" value="Java Platform API Specification"/>
    <property name="java.class.version" value="50.0"/>
    <property name="sun.management.compiler" value="HotSpot Tiered Compilers"/>
    <property name="os.version" value="2.6.18-194.32.1.el5"/>
    <property name="user.home" value="/home/etu1"/>
    <property name="user.timezone" value=""/>
    <property name="java.awt.printerjob" value="sun.print.PSPrinterJob"/>
    <property name="file.encoding" value="UTF-8"/>
    <property name="java.specification.version" value="1.6"/>
    <property name="user.name" value="etu1"/>
    <property name="java.class.path" value="/home/etu1/ivvq/XMLAPI/MoodleXmlApi/MoodleXmlApiImpl/target/test-classes:/home/etu1/ivvq/XMLAPI/MoodleXmlApi/MoodleXmlApiImpl/target/classes:/home/etu1/.m2/repository/junit/junit/4.10/junit-4.10.jar:/home/etu1/.m2/repository/org/hamcrest/hamcrest-core/1.1/hamcrest-core-1.1.jar:/home/etu1/.m2/repository/universite/toulouse/moodlexmlapi/MoodleXmlApiCore/1.0-SNAPSHOT/MoodleXmlApiCore-1.0-SNAPSHOT.jar:"/>
    <property name="java.vm.specification.version" value="1.0"/>
    <property name="sun.arch.data.model" value="32"/>
    <property name="java.home" value="/usr/java/jdk1.6.0_30/jre"/>
    <property name="sun.java.command" value="/home/etu1/ivvq/XMLAPI/MoodleXmlApi/MoodleXmlApiImpl/target/surefire/surefirebooter7356543253638334205.jar /home/etu1/ivvq/XMLAPI/MoodleXmlApi/MoodleXmlApiImpl/target/surefire/surefire7610704116794580997tmp /home/etu1/ivvq/XMLAPI/MoodleXmlApi/MoodleXmlApiImpl/target/surefire/surefire5193130687328689500tmp"/>
    <property name="java.specification.vendor" value="Sun Microsystems Inc."/>
    <property name="user.language" value="fr"/>
    <property name="java.vm.info" value="mixed mode"/>
    <property name="java.version" value="1.6.0_30"/>
    <property name="java.ext.dirs" value="/usr/java/jdk1.6.0_30/jre/lib/ext:/usr/java/packages/lib/ext"/>
    <property name="sun.boot.class.path" value="/usr/java/jdk1.6.0_30/jre/lib/resources.jar:/usr/java/jdk1.6.0_30/jre/lib/rt.jar:/usr/java/jdk1.6.0_30/jre/lib/sunrsasign.jar:/usr/java/jdk1.6.0_30/jre/lib/jsse.jar:/usr/java/jdk1.6.0_30/jre/lib/jce.jar:/usr/java/jdk1.6.0_30/jre/lib/charsets.jar:/usr/java/jdk1.6.0_30/jre/lib/modules/jdk.boot.jar:/usr/java/jdk1.6.0_30/jre/classes"/>
    <property name="java.vendor" value="Sun Microsystems Inc."/>
    <property name="localRepository" value="/home/etu1/.m2/repository"/>
    <property name="file.separator" value="/"/>
    <property name="java.vendor.url.bug" value="http://java.sun.com/cgi-bin/bugreport.cgi"/>
    <property name="sun.cpu.endian" value="little"/>
    <property name="sun.io.unicode.encoding" value="UnicodeLittle"/>
    <property name="sun.desktop" value="gnome"/>
    <property name="sun.cpu.isalist" value=""/>
  </properties>
  <testcase time="0.003" classname="universite.toulouse.moodlexmlapi.fsil.impl.AppTest" name="testApp"/>
</testsuite>